# packages in environment at /anaconda3/envs/msprime-env:
#
# Name                    Version                   Build  Channel
attrs                     18.2.0                     py_0    conda-forge
attrs                     18.2.0                    <pip>
blas                      1.0                         mkl  
bzip2                     1.0.6                         1    conda-forge
ca-certificates           2018.11.29           ha4d7672_0    conda-forge
certifi                   2018.11.29            py36_1000    conda-forge
cycler                    0.10.0                    <pip>
gsl                       2.2.1                h002c638_3  
h5py                      2.8.0            py36h097b052_4    conda-forge
hdf5                      1.10.3               hc401514_2    conda-forge
intel-openmp              2019.0                      118  
jsonschema                3.0.0a3               py36_1000    conda-forge
kiwisolver                1.0.1                     <pip>
libffi                    3.2.1                hfc679d8_5    conda-forge
libgfortran               3.0.1                h93005f0_2  
libopenblas               0.3.3                hdc02c5d_3  
matplotlib                3.0.2                     <pip>
mkl                       2018.0.3                      1  
mkl_fft                   1.0.6                    py36_0    conda-forge
mkl_random                1.0.2                    py36_0    conda-forge
msprime                   0.6.1            py36hcb787e7_0    conda-forge
ncurses                   6.1                  hfc679d8_1    conda-forge
numpy                     1.15.4           py36h6a91979_0  
numpy-base                1.15.4           py36h8a80b8c_0  
openblas                  0.3.3                ha44fe06_1    conda-forge
openssl                   1.0.2p               h470a237_1    conda-forge
pandas                    0.23.4           py36hf8a1672_0    conda-forge
pip                       18.1                  py36_1000    conda-forge
pyparsing                 2.3.0                      py_0    conda-forge
pyrsistent                0.14.6           py36h470a237_0    conda-forge
pyslim                    0.1                       <pip>
python                    3.6.6                h5001a0f_0    conda-forge
python-dateutil           2.7.5                      py_0    conda-forge
python.app                1.2                    py36_200    conda-forge
pytz                      2018.7                     py_0    conda-forge
readline                  7.0                  haf1bffa_1    conda-forge
scikit-allel              1.1.10                    <pip>
setuptools                40.6.2                   py36_0    conda-forge
six                       1.11.0                py36_1001    conda-forge
sqlite                    3.25.3               hb1c47c0_0    conda-forge
svgwrite                  1.2.1                     <pip>
svgwrite                  1.2.1                      py_0    conda-forge
tk                        8.6.9                ha92aebf_0    conda-forge
wheel                     0.32.2                   py36_0    conda-forge
xz                        5.2.4                h470a237_1    conda-forge
zlib                      1.2.11               h470a237_3    conda-forge
10927 11136



10927
running SLiM
10098
Done with SLiM sims. Analysis took 0hrs 9min
processing tree sequences in python
10310
Done with processing tree sequences. Analysis took 0hrs 0min
Running R scripts
10317
Done with processing first R script. Analysis took 0hrs 2min
Running R RDA
10393
Done with processing R script RDA. Analysis took 0hrs 1min
Running scikit-allel
10423
Done with processing scikit-allel. Analysis took 0hrs 3min
cleaning up files
10927



10928
running SLiM
10522
Done with SLiM sims. Analysis took 0hrs 8min
processing tree sequences in python
10682
Done with processing tree sequences. Analysis took 0hrs 0min
Running R scripts
10686
Done with processing first R script. Analysis took 0hrs 2min
Running R RDA
10760
Done with processing R script RDA. Analysis took 0hrs 1min
Running scikit-allel
10806
Done with processing scikit-allel. Analysis took 0hrs 3min
cleaning up files
10928



10929
running SLiM
10902
Done with SLiM sims. Analysis took 0hrs 7min
processing tree sequences in python
11046
Done with processing tree sequences. Analysis took 0hrs 0min
Running R scripts
11055
Done with processing first R script. Analysis took 0hrs 3min
Running R RDA
11152
Done with processing R script RDA. Analysis took 0hrs 1min
Running scikit-allel
11180
Done with processing scikit-allel. Analysis took 0hrs 3min
cleaning up files
10929



10930
running SLiM
11276
Done with SLiM sims. Analysis took 0hrs 10min
processing tree sequences in python
11517
Done with processing tree sequences. Analysis took 0hrs 0min
Running R scripts
11524
Done with processing first R script. Analysis took 0hrs 3min
Running R RDA
11694
Done with processing R script RDA. Analysis took 0hrs 1min
Running scikit-allel
11727
Done with processing scikit-allel. Analysis took 0hrs 3min
cleaning up files
10930



10931
running SLiM
11827
Done with SLiM sims. Analysis took 0hrs 8min
processing tree sequences in python
12003
Done with processing tree sequences. Analysis took 0hrs 0min
Running R scripts
12009
Done with processing first R script. Analysis took 0hrs 3min
Running R RDA
12097
Done with processing R script RDA. Analysis took 0hrs 1min
Running scikit-allel
12126
Done with processing scikit-allel. Analysis took 0hrs 2min
cleaning up files
10931



10932
running SLiM
12220
Done with SLiM sims. Analysis took 0hrs 10min
processing tree sequences in python
12419
Done with processing tree sequences. Analysis took 0hrs 0min
Running R scripts
12426
Done with processing first R script. Analysis took 0hrs 3min
Running R RDA
12530
Done with processing R script RDA. Analysis took 0hrs 1min
Running scikit-allel
12559
Done with processing scikit-allel. Analysis took 0hrs 3min
cleaning up files
10932



10933
running SLiM
12658
Done with SLiM sims. Analysis took 0hrs 11min
processing tree sequences in python
12893
Done with processing tree sequences. Analysis took 0hrs 0min
Running R scripts
12900
Done with processing first R script. Analysis took 0hrs 3min
Running R RDA
12984
Done with processing R script RDA. Analysis took 0hrs 1min
Running scikit-allel
13020
Done with processing scikit-allel. Analysis took 0hrs 3min
cleaning up files
10933



10934
running SLiM
13114
Done with SLiM sims. Analysis took 0hrs 14min
processing tree sequences in python
13416
Done with processing tree sequences. Analysis took 0hrs 0min
Running R scripts
13423
Done with processing first R script. Analysis took 0hrs 3min
Running R RDA
13502
Done with processing R script RDA. Analysis took 0hrs 1min
Running scikit-allel
13531
Done with processing scikit-allel. Analysis took 0hrs 3min
cleaning up files
10934



10935
running SLiM
13626
Done with SLiM sims. Analysis took 0hrs 7min
processing tree sequences in python
13764
Done with processing tree sequences. Analysis took 0hrs 0min
Running R scripts
13770
Done with processing first R script. Analysis took 0hrs 3min
Running R RDA
13856
Done with processing R script RDA. Analysis took 0hrs 1min
Running scikit-allel
13886
Done with processing scikit-allel. Analysis took 0hrs 3min
cleaning up files
10935



10936
running SLiM
13982
Done with SLiM sims. Analysis took 0hrs 9min
processing tree sequences in python
14191
Done with processing tree sequences. Analysis took 0hrs 0min
Running R scripts
14196
Done with processing first R script. Analysis took 0hrs 2min
Running R RDA
14266
Done with processing R script RDA. Analysis took 0hrs 1min
Running scikit-allel
14294
Done with processing scikit-allel. Analysis took 0hrs 3min
cleaning up files
10936



10937
running SLiM
14391
Done with SLiM sims. Analysis took 0hrs 11min
processing tree sequences in python
14624
Done with processing tree sequences. Analysis took 0hrs 0min
Running R scripts
14632
Done with processing first R script. Analysis took 0hrs 3min
Running R RDA
14708
Done with processing R script RDA. Analysis took 0hrs 1min
Running scikit-allel
14738
Done with processing scikit-allel. Analysis took 0hrs 3min
cleaning up files
10937



10938
running SLiM
14840
Done with SLiM sims. Analysis took 0hrs 7min
processing tree sequences in python
15003
Done with processing tree sequences. Analysis took 0hrs 0min
Running R scripts
15009
Done with processing first R script. Analysis took 0hrs 3min
Running R RDA
15095
Done with processing R script RDA. Analysis took 0hrs 1min
Running scikit-allel
15124
Done with processing scikit-allel. Analysis took 0hrs 3min
cleaning up files
10938



10939
running SLiM
15223
Done with SLiM sims. Analysis took 0hrs 11min
processing tree sequences in python
15450
Done with processing tree sequences. Analysis took 0hrs 0min
Running R scripts
15456
Done with processing first R script. Analysis took 0hrs 3min
Running R RDA
15539
Done with processing R script RDA. Analysis took 0hrs 1min
Running scikit-allel
15569
Done with processing scikit-allel. Analysis took 0hrs 3min
cleaning up files
10939



10940
running SLiM
15681
Done with SLiM sims. Analysis took 0hrs 10min
processing tree sequences in python
15890
Done with processing tree sequences. Analysis took 0hrs 0min
Running R scripts
15895
Done with processing first R script. Analysis took 0hrs 3min
Running R RDA
15973
Done with processing R script RDA. Analysis took 0hrs 1min
Running scikit-allel
16007
Done with processing scikit-allel. Analysis took 0hrs 3min
cleaning up files
10940



10941
running SLiM
16106
Done with SLiM sims. Analysis took 0hrs 14min
processing tree sequences in python
16395
Done with processing tree sequences. Analysis took 0hrs 0min
Running R scripts
16402
Done with processing first R script. Analysis took 0hrs 2min
Running R RDA
16489
Done with processing R script RDA. Analysis took 0hrs 1min
Running scikit-allel
16520
Done with processing scikit-allel. Analysis took 0hrs 3min
cleaning up files
10941



10942
running SLiM
16620
Done with SLiM sims. Analysis took 0hrs 12min
processing tree sequences in python
16879
Done with processing tree sequences. Analysis took 0hrs 0min
Running R scripts
16885
Done with processing first R script. Analysis took 0hrs 2min
Running R RDA
16963
Done with processing R script RDA. Analysis took 0hrs 1min
Running scikit-allel
16992
Done with processing scikit-allel. Analysis took 0hrs 3min
cleaning up files
10942



10943
running SLiM
17088
Done with SLiM sims. Analysis took 0hrs 8min
processing tree sequences in python
17262
Done with processing tree sequences. Analysis took 0hrs 0min
Running R scripts
17268
Done with processing first R script. Analysis took 0hrs 3min
Running R RDA
17350
Done with processing R script RDA. Analysis took 0hrs 0min
Running scikit-allel
17376
Done with processing scikit-allel. Analysis took 0hrs 3min
cleaning up files
10943



10944
running SLiM
17474
Done with SLiM sims. Analysis took 0hrs 10min
processing tree sequences in python
17676
Done with processing tree sequences. Analysis took 0hrs 0min
Running R scripts
17683
Done with processing first R script. Analysis took 0hrs 3min
Running R RDA
17756
Done with processing R script RDA. Analysis took 0hrs 1min
Running scikit-allel
17787
Done with processing scikit-allel. Analysis took 0hrs 3min
cleaning up files
10944



10945
running SLiM
17878
Done with SLiM sims. Analysis took 0hrs 10min
processing tree sequences in python
18115
Done with processing tree sequences. Analysis took 0hrs 0min
Running R scripts
18121
Done with processing first R script. Analysis took 0hrs 2min
Running R RDA
18193
Done with processing R script RDA. Analysis took 0hrs 1min
Running scikit-allel
18222
Done with processing scikit-allel. Analysis took 0hrs 3min
cleaning up files
10945



10946
running SLiM
18316
Done with SLiM sims. Analysis took 0hrs 11min
processing tree sequences in python
18540
Done with processing tree sequences. Analysis took 0hrs 0min
Running R scripts
18547
Done with processing first R script. Analysis took 0hrs 2min
Running R RDA
18616
Done with processing R script RDA. Analysis took 0hrs 1min
Running scikit-allel
18646
Done with processing scikit-allel. Analysis took 0hrs 3min
cleaning up files
10946



10947
running SLiM
18746
Done with SLiM sims. Analysis took 0hrs 7min
processing tree sequences in python
18921
Done with processing tree sequences. Analysis took 0hrs 0min
Running R scripts
18927
Done with processing first R script. Analysis took 0hrs 3min
Running R RDA
19017
Done with processing R script RDA. Analysis took 0hrs 1min
Running scikit-allel
19047
Done with processing scikit-allel. Analysis took 0hrs 3min
cleaning up files
10947



10948
running SLiM
19153
Done with SLiM sims. Analysis took 0hrs 11min
processing tree sequences in python
19392
Done with processing tree sequences. Analysis took 0hrs 0min
Running R scripts
19397
Done with processing first R script. Analysis took 0hrs 3min
Running R RDA
19474
Done with processing R script RDA. Analysis took 0hrs 1min
Running scikit-allel
19504
Done with processing scikit-allel. Analysis took 0hrs 3min
cleaning up files
10948



10949
running SLiM
19600
Done with SLiM sims. Analysis took 0hrs 9min
processing tree sequences in python
19796
Done with processing tree sequences. Analysis took 0hrs 0min
Running R scripts
19800
Done with processing first R script. Analysis took 0hrs 3min
Running R RDA
19881
Done with processing R script RDA. Analysis took 0hrs 1min
Running scikit-allel
19910
Done with processing scikit-allel. Analysis took 0hrs 2min
cleaning up files
10949



10950
running SLiM
20044
Done with SLiM sims. Analysis took 0hrs 9min
processing tree sequences in python
20234
Done with processing tree sequences. Analysis took 0hrs 0min
Running R scripts
20238
Done with processing first R script. Analysis took 0hrs 3min
Running R RDA
20308
Done with processing R script RDA. Analysis took 0hrs 1min
Running scikit-allel
20341
Done with processing scikit-allel. Analysis took 0hrs 3min
cleaning up files
10950



10951
running SLiM
20443
Done with SLiM sims. Analysis took 0hrs 10min
processing tree sequences in python
20672
Done with processing tree sequences. Analysis took 0hrs 0min
Running R scripts
20679
Done with processing first R script. Analysis took 0hrs 3min
Running R RDA
20749
Done with processing R script RDA. Analysis took 0hrs 0min
Running scikit-allel
20777
Done with processing scikit-allel. Analysis took 0hrs 2min
cleaning up files
10951



10952
running SLiM
20869
Done with SLiM sims. Analysis took 0hrs 8min
processing tree sequences in python
21039
Done with processing tree sequences. Analysis took 0hrs 0min
Running R scripts
21043
Done with processing first R script. Analysis took 0hrs 3min
Running R RDA
21128
Done with processing R script RDA. Analysis took 0hrs 0min
Running scikit-allel
21157
Done with processing scikit-allel. Analysis took 0hrs 2min
cleaning up files
10952



10953
running SLiM
21246
Done with SLiM sims. Analysis took 0hrs 10min
processing tree sequences in python
21481
Done with processing tree sequences. Analysis took 0hrs 0min
Running R scripts
21485
Done with processing first R script. Analysis took 0hrs 2min
Running R RDA
21553
Done with processing R script RDA. Analysis took 0hrs 1min
Running scikit-allel
21586
Done with processing scikit-allel. Analysis took 0hrs 3min
cleaning up files
10953



10954
running SLiM
21702
Done with SLiM sims. Analysis took 0hrs 9min
processing tree sequences in python
21885
Done with processing tree sequences. Analysis took 0hrs 0min
Running R scripts
21889
Done with processing first R script. Analysis took 0hrs 2min
Running R RDA
21967
Done with processing R script RDA. Analysis took 0hrs 1min
Running scikit-allel
21994
Done with processing scikit-allel. Analysis took 0hrs 3min
cleaning up files
10954



10955
running SLiM
22100
Done with SLiM sims. Analysis took 0hrs 9min
processing tree sequences in python
22305
Done with processing tree sequences. Analysis took 0hrs 0min
Running R scripts
22309
Done with processing first R script. Analysis took 0hrs 3min
Running R RDA
22386
Done with processing R script RDA. Analysis took 0hrs 1min
Running scikit-allel
22426
Done with processing scikit-allel. Analysis took 0hrs 3min
cleaning up files
10955



10956
running SLiM
22518
Done with SLiM sims. Analysis took 0hrs 11min
processing tree sequences in python
22752
Done with processing tree sequences. Analysis took 0hrs 0min
Running R scripts
22759
Done with processing first R script. Analysis took 0hrs 2min
Running R RDA
22825
Done with processing R script RDA. Analysis took 0hrs 1min
Running scikit-allel
22857
Done with processing scikit-allel. Analysis took 0hrs 3min
cleaning up files
10956



10957
running SLiM
22968
Done with SLiM sims. Analysis took 0hrs 10min
processing tree sequences in python
23166
Done with processing tree sequences. Analysis took 0hrs 0min
Running R scripts
23173
Done with processing first R script. Analysis took 0hrs 3min
Running R RDA
23261
Done with processing R script RDA. Analysis took 0hrs 1min
Running scikit-allel
23300
Done with processing scikit-allel. Analysis took 0hrs 3min
cleaning up files
10957



10958
running SLiM
23398
Done with SLiM sims. Analysis took 0hrs 9min
processing tree sequences in python
23583
Done with processing tree sequences. Analysis took 0hrs 0min
Running R scripts
23589
Done with processing first R script. Analysis took 0hrs 3min
Running R RDA
23694
Done with processing R script RDA. Analysis took 0hrs 1min
Running scikit-allel
23726
Done with processing scikit-allel. Analysis took 0hrs 3min
cleaning up files
10958



10959
running SLiM
23825
Done with SLiM sims. Analysis took 0hrs 9min
processing tree sequences in python
24012
Done with processing tree sequences. Analysis took 0hrs 0min
Running R scripts
24020
Done with processing first R script. Analysis took 0hrs 3min
Running R RDA
24099
Done with processing R script RDA. Analysis took 0hrs 1min
Running scikit-allel
24128
Done with processing scikit-allel. Analysis took 0hrs 3min
cleaning up files
10959



10960
running SLiM
24233
Done with SLiM sims. Analysis took 0hrs 7min
processing tree sequences in python
24377
Done with processing tree sequences. Analysis took 0hrs 0min
Running R scripts
24381
Done with processing first R script. Analysis took 0hrs 3min
Running R RDA
24475
Done with processing R script RDA. Analysis took 0hrs 1min
Running scikit-allel
24526
Done with processing scikit-allel. Analysis took 0hrs 2min
cleaning up files
10960



10961
running SLiM
24618
Done with SLiM sims. Analysis took 0hrs 16min
processing tree sequences in python
24959
Done with processing tree sequences. Analysis took 0hrs 0min
Running R scripts
24968
Done with processing first R script. Analysis took 0hrs 2min
Running R RDA
25038
Done with processing R script RDA. Analysis took 0hrs 1min
Running scikit-allel
25065
Done with processing scikit-allel. Analysis took 0hrs 3min
cleaning up files
10961



10962
running SLiM
25162
Done with SLiM sims. Analysis took 0hrs 12min
processing tree sequences in python
25468
Done with processing tree sequences. Analysis took 0hrs 0min
Running R scripts
25476
Done with processing first R script. Analysis took 0hrs 2min
Running R RDA
25540
Done with processing R script RDA. Analysis took 0hrs 1min
Running scikit-allel
25570
Done with processing scikit-allel. Analysis took 0hrs 3min
cleaning up files
10962



10963
running SLiM
25666
Done with SLiM sims. Analysis took 0hrs 13min
processing tree sequences in python
25926
Done with processing tree sequences. Analysis took 0hrs 0min
Running R scripts
25932
Done with processing first R script. Analysis took 0hrs 3min
Running R RDA
26006
Done with processing R script RDA. Analysis took 0hrs 1min
Running scikit-allel
26041
Done with processing scikit-allel. Analysis took 0hrs 44min
cleaning up files
10963



10964
running SLiM
26203
Done with SLiM sims. Analysis took 0hrs 9min
processing tree sequences in python
26426
Done with processing tree sequences. Analysis took 0hrs 0min
Running R scripts
26430
Done with processing first R script. Analysis took 0hrs 3min
Running R RDA
26518
Done with processing R script RDA. Analysis took 0hrs 1min
Running scikit-allel
26553
Done with processing scikit-allel. Analysis took 0hrs 10min
cleaning up files
10964



10965
running SLiM
26673
Done with SLiM sims. Analysis took 0hrs 16min
processing tree sequences in python
26953
Done with processing tree sequences. Analysis took 0hrs 0min
Running R scripts
26962
Done with processing first R script. Analysis took 0hrs 4min
Running R RDA
27057
Done with processing R script RDA. Analysis took 0hrs 1min
Running scikit-allel
27087
Done with processing scikit-allel. Analysis took 0hrs 3min
cleaning up files
10965



10966
running SLiM
27187
Done with SLiM sims. Analysis took 0hrs 15min
processing tree sequences in python
27524
Done with processing tree sequences. Analysis took 0hrs 0min
Running R scripts
27531
Done with processing first R script. Analysis took 0hrs 2min
Running R RDA
VCF for 10966 not found, skipping



10967
running SLiM
27596
Done with SLiM sims. Analysis took 0hrs 12min
processing tree sequences in python
27847
Done with processing tree sequences. Analysis took 0hrs 0min
Running R scripts
27853
Done with processing first R script. Analysis took 0hrs 3min
Running R RDA
27947
Done with processing R script RDA. Analysis took 0hrs 1min
Running scikit-allel
27978
Done with processing scikit-allel. Analysis took 0hrs 4min
cleaning up files
10967



10968
running SLiM
28093
Done with SLiM sims. Analysis took 0hrs 12min
processing tree sequences in python
28369
Done with processing tree sequences. Analysis took 0hrs 0min
Running R scripts
28374
Done with processing first R script. Analysis took 0hrs 3min
Running R RDA
28456
Done with processing R script RDA. Analysis took 0hrs 1min
Running scikit-allel
28485
Done with processing scikit-allel. Analysis took 0hrs 3min
cleaning up files
10968



10969
running SLiM
28588
Done with SLiM sims. Analysis took 0hrs 13min
processing tree sequences in python
28861
Done with processing tree sequences. Analysis took 0hrs 0min
Running R scripts
28866
Done with processing first R script. Analysis took 0hrs 2min
Running R RDA
28937
Done with processing R script RDA. Analysis took 0hrs 0min
Running scikit-allel
28963
Done with processing scikit-allel. Analysis took 0hrs 2min
cleaning up files
10969



10970
running SLiM
29044
Done with SLiM sims. Analysis took 0hrs 12min
processing tree sequences in python
29306
Done with processing tree sequences. Analysis took 0hrs 0min
Running R scripts
29312
Done with processing first R script. Analysis took 0hrs 3min
Running R RDA
29390
Done with processing R script RDA. Analysis took 0hrs 1min
Running scikit-allel
29420
Done with processing scikit-allel. Analysis took 0hrs 3min
cleaning up files
10970



10971
running SLiM
29532
Done with SLiM sims. Analysis took 0hrs 11min
processing tree sequences in python
29781
Done with processing tree sequences. Analysis took 0hrs 0min
Running R scripts
29787
Done with processing first R script. Analysis took 0hrs 3min
Running R RDA
29890
Done with processing R script RDA. Analysis took 0hrs 1min
Running scikit-allel
29920
Done with processing scikit-allel. Analysis took 0hrs 3min
cleaning up files
10971



10972
running SLiM
30023
Done with SLiM sims. Analysis took 0hrs 9min
processing tree sequences in python
30223
Done with processing tree sequences. Analysis took 0hrs 0min
Running R scripts
30228
Done with processing first R script. Analysis took 0hrs 3min
Running R RDA
30311
Done with processing R script RDA. Analysis took 0hrs 1min
Running scikit-allel
30343
Done with processing scikit-allel. Analysis took 0hrs 3min
cleaning up files
10972



10973
running SLiM
30441
Done with SLiM sims. Analysis took 0hrs 8min
processing tree sequences in python
30613
Done with processing tree sequences. Analysis took 0hrs 0min
Running R scripts
30618
