nohup: ignoring input
/home/freeman.k/.local/lib/python2.7/site-packages/sklearn/cross_validation.py:41: DeprecationWarning: This module was deprecated in version 0.18 in favor of the model_selection module into which all the refactored classes and functions are moved. Also note that the interface of the new CV iterators are different from that of this module. This module will be removed in 0.20.
  "This module will be removed in 0.20.", DeprecationWarning)
/home/freeman.k/.local/lib/python2.7/site-packages/sklearn/grid_search.py:42: DeprecationWarning: This module was deprecated in version 0.18 in favor of the model_selection module into which all the refactored classes and functions are moved. This module will be removed in 0.20.
  DeprecationWarning)
using these features: all (indices: [1, 2, 3, 4, 5, 6, 7, 8, 9, 10, 11, 12, 13, 14, 15, 16, 17, 18])
Training set size after split: 278330
Testing set size: 92777
training set size after balancing: 2814948
Checking accuracy when distinguishing among all 12 classes
Training extraTreesClassifier
MT=delet_R=BS            :    379
MT=lgQTN_R=lgQTNlink     :     86
MT=neut_R=BS             :  31197
MT=neut_R=FarSS          :    585
MT=neut_R=NearSS         :    983
MT=neut_R=invers         :  11920
MT=neut_R=lgQTNlink      :    502
MT=neut_R=lowRC          :   8644
MT=neut_R=neutral        : 312608
MT=neut_R=smQTNlink      :   3511
MT=smQTN_R=smQTNlink     :    639
MT=sweep_R=NearSS        :     53
['MT=neut_R=smQTNlink', 'MT=neut_R=NearSS', 'MT=lgQTN_R=lgQTNlink', 'MT=neut_R=lgQTNlink', 'MT=neut_R=BS', 'MT=neut_R=invers', 'MT=neut_R=lowRC', 'MT=delet_R=BS', 'MT=neut_R=neutral', 'MT=sweep_R=NearSS', 'MT=smQTN_R=smQTNlink', 'MT=neut_R=FarSS']
GridSearchCV took 38886.32 seconds for 432 candidate parameter settings.
Results for extraTreesClassifier
Model with rank: 1
Mean validation score: 0.890 (std: 0.001)
Parameters: {'bootstrap': False, 'min_samples_leaf': 1, 'min_samples_split': 2, 'criterion': 'gini', 'max_features': 18, 'max_depth': None}

Model with rank: 2
Mean validation score: 0.890 (std: 0.001)
Parameters: {'bootstrap': False, 'min_samples_leaf': 1, 'min_samples_split': 2, 'criterion': 'gini', 'max_features': 4, 'max_depth': None}

Model with rank: 3
Mean validation score: 0.890 (std: 0.001)
Parameters: {'bootstrap': False, 'min_samples_leaf': 1, 'min_samples_split': 3, 'criterion': 'gini', 'max_features': 18, 'max_depth': None}

