R version 3.4.0 (2017-04-21)
Platform: x86_64-apple-darwin15.6.0 (64-bit)
Running under: macOS  10.13.4

Matrix products: default
BLAS: /Library/Frameworks/R.framework/Versions/3.4/Resources/lib/libRblas.0.dylib
LAPACK: /Library/Frameworks/R.framework/Versions/3.4/Resources/lib/libRlapack.dylib

locale:
[1] en_US.UTF-8/en_US.UTF-8/en_US.UTF-8/C/en_US.UTF-8/en_US.UTF-8

attached base packages:
[1] tools     methods   stats     graphics  grDevices utils     datasets 
[8] base     

other attached packages:
 [1] rehh_2.0.2      gplots_3.0.1    rehh.data_1.0.0 related_1.0    
 [5] ggplot2_2.2.1   bigsnpr_0.2.1   bigstatsr_0.2.3 LEA_1.8.1      
 [9] lfmm_0.0        pcadapt_3.1.0   adegenet_2.1.1  ade4_1.7-10    
[13] vcfR_1.6.0      OutFLANK_0.2    qvalue_2.8.0   

loaded via a namespace (and not attached):
 [1] httr_1.3.1          tidyr_0.7.2         jsonlite_1.5       
 [4] viridisLite_0.2.0   splines_3.4.0       foreach_1.4.4      
 [7] gtools_3.5.0        shiny_1.0.5         assertthat_0.2.0   
[10] expm_0.999-2        sp_1.2-5            LearnBayes_2.15    
[13] lattice_0.20-35     glue_1.2.0          RcppEigen_0.3.3.3.1
[16] digest_0.6.15       colorspace_1.3-2    htmltools_0.3.6    
[19] httpuv_1.3.5        Matrix_1.2-12       plyr_1.8.4         
[22] pkgconfig_2.0.1     gmodels_2.16.2      purrr_0.2.4        
[25] xtable_1.8-2        scales_0.5.0        gdata_2.18.0       
[28] RSpectra_0.12-2     tibble_1.3.4        mgcv_1.8-22        
[31] xgboost_0.6-4       lazyeval_0.2.1      magrittr_1.5       
[34] mime_0.5            deldir_0.1-14       nlme_3.1-131       
[37] MASS_7.3-48         vegan_2.4-6         data.table_1.10.4-3
[40] stringr_1.2.0       plotly_4.7.1        munsell_0.4.3      
[43] cluster_2.0.6       bindrcpp_0.2        compiler_3.4.0     
[46] RcppRoll_0.2.2      caTools_1.17.1      rlang_0.1.6        
[49] grid_3.4.0          iterators_1.0.9     htmlwidgets_1.0    
[52] igraph_1.1.2        bitops_1.0-6        boot_1.3-20        
[55] gtable_0.2.0        codetools_0.2-15    reshape2_1.4.3     
[58] R6_2.2.2            dplyr_0.7.4         pinfsc50_1.1.0     
[61] seqinr_3.4-5        bindr_0.1           spdep_0.7-4        
[64] KernSmooth_2.23-15  permute_0.9-4       ape_5.0            
[67] stringi_1.1.6       parallel_3.4.0      Rcpp_0.12.15       
[70] spData_0.2.6.9      coda_0.19-1        
[1] "Mon May 14 20:12:20 2018"
Scanning file to determine attributes.
File attributes:
  meta lines: 13
  header line: 14
  variant count: 13185
  column count: 1009
Meta line 13 read in.
All meta lines processed.
gt matrix initialized.
Character matrix gt created.
  Character matrix gt rows: 13185
  Character matrix gt cols: 1009
  skip: 0
  nrows: 13185
  row_num: 0
Processed variant 1000Processed variant 2000Processed variant 3000Processed variant 4000Processed variant 5000Processed variant 6000Processed variant 7000Processed variant 8000Processed variant 9000Processed variant 10000Processed variant 11000Processed variant 12000Processed variant 13000Processed variant: 13185
All variants processed
[1] 13185  1001
[1]     0 50000  1296
[1]  50000 100000   1313
[1] 100000 150000   1372
[1] 150000 200000   1289
[1] 200000 250000   1291
[1] 250000 300000   1302
[1] 300000 350000   1404
[1] 350000 400000   1372
[1] 400000 450000   1238
[1] 450000 500000   1308
group
 1  2  3  4  5  6  7  8  9 10 11 12 13 14 15 16 17 18 19 20 21 22 23 24 25 26 
21 34 29 12 23 27 40 28 13 12 14 44 18 43 55 22 22 35 21 30 27 28 39 29  8 27 
27 28 29 30 31 32 33 34 35 36 37 38 39 
21 21 43 20 18 10 24 38 28 18 24 14 20 
  id         x          y phenotype1       envi group
1  0 0.9238020 0.43088800   0.449745 -0.6812260     1
2  1 0.5865300 0.00571129  -0.213619  0.0726768     2
3  2 0.3126640 0.02870950   0.603294  0.3772600     3
4  3 0.2077030 0.89510200   0.171237 -0.0556524     4
5  4 0.3041950 0.06177520   0.700436  0.3621510     3
6  5 0.0193222 0.92778400  -0.676394 -0.7461180     5
  pos chrom a_freq_old vcf_ord muttype
1  31     1     0.0005       1    MT=1
2 105     1     0.3565       2    MT=1
3 108     1     0.0040       3    MT=1
4 113     1     0.0045       4    MT=1
5 158     1     0.0005       5    MT=1
6 176     1     0.0365       6    MT=1
[1] pos        chrom      a_freq_old vcf_ord    muttype   
<0 rows> (or 0-length row.names)
[1] 13185     6
 [1] "10926_54868_MT=2"  "10926_56370_MT=2"  "10926_56549_MT=2" 
 [4] "10926_59192_MT=2"  "10926_59703_MT=2"  "10926_59963_MT=2" 
 [7] "10926_59963_MT=2"  "10926_62560_MT=2"  "10926_63492_MT=2" 
[10] "10926_64319_MT=2"  "10926_67740_MT=2"  "10926_73874_MT=2" 
[13] "10926_76710_MT=2"  "10926_77227_MT=2"  "10926_78047_MT=2" 
[16] "10926_80135_MT=2"  "10926_81891_MT=2"  "10926_84185_MT=2" 
[19] "10926_89991_MT=2"  "10926_90106_MT=2"  "10926_90588_MT=2" 
[22] "10926_97239_MT=2"  "10926_100167_MT=2" "10926_100943_MT=2"
[25] "10926_103028_MT=2" "10926_107669_MT=2" "10926_107851_MT=2"
[28] "10926_110923_MT=2" "10926_114457_MT=2" "10926_118543_MT=2"
[31] "10926_122019_MT=2" "10926_124267_MT=2" "10926_124399_MT=2"
[34] "10926_125687_MT=2" "10926_125831_MT=2" "10926_127843_MT=2"
[37] "10926_130400_MT=2" "10926_133494_MT=2" "10926_135326_MT=2"
[40] "10926_136643_MT=2" "10926_149170_MT=2" "10926_149990_MT=2"
 [1] "10926_54868_MT=2"  "10926_56370_MT=2"  "10926_56549_MT=2" 
 [4] "10926_59192_MT=2"  "10926_59703_MT=2"  "10926_59963_MT=2" 
 [7] "10926_59963_MT=2"  "10926_62560_MT=2"  "10926_63492_MT=2" 
[10] "10926_64319_MT=2"  "10926_67740_MT=2"  "10926_73874_MT=2" 
[13] "10926_76710_MT=2"  "10926_77227_MT=2"  "10926_78047_MT=2" 
[16] "10926_80135_MT=2"  "10926_81891_MT=2"  "10926_84185_MT=2" 
[19] "10926_89991_MT=2"  "10926_90106_MT=2"  "10926_90588_MT=2" 
[22] "10926_97239_MT=2"  "10926_100167_MT=2" "10926_100943_MT=2"
[25] "10926_103028_MT=2" "10926_107669_MT=2" "10926_107851_MT=2"
[28] "10926_110923_MT=2" "10926_114457_MT=2" "10926_118543_MT=2"
[31] "10926_122019_MT=2" "10926_124267_MT=2" "10926_124399_MT=2"
[34] "10926_125687_MT=2" "10926_125831_MT=2" "10926_127843_MT=2"
[37] "10926_130400_MT=2" "10926_133494_MT=2" "10926_135326_MT=2"
[40] "10926_136643_MT=2" "10926_149170_MT=2" "10926_149990_MT=2"
[43] "10926_175001_MT=4"
[1] "Error: duplicated unique locus names"
