R version 3.4.0 (2017-04-21)
Platform: x86_64-apple-darwin15.6.0 (64-bit)
Running under: macOS  10.13.4

Matrix products: default
BLAS: /Library/Frameworks/R.framework/Versions/3.4/Resources/lib/libRblas.0.dylib
LAPACK: /Library/Frameworks/R.framework/Versions/3.4/Resources/lib/libRlapack.dylib

locale:
[1] en_US.UTF-8/en_US.UTF-8/en_US.UTF-8/C/en_US.UTF-8/en_US.UTF-8

attached base packages:
[1] tools     methods   stats     graphics  grDevices utils     datasets 
[8] base     

other attached packages:
 [1] rehh_2.0.2      gplots_3.0.1    rehh.data_1.0.0 related_1.0    
 [5] ggplot2_2.2.1   bigsnpr_0.2.1   bigstatsr_0.2.3 LEA_1.8.1      
 [9] lfmm_0.0        pcadapt_3.1.0   adegenet_2.1.1  ade4_1.7-10    
[13] vcfR_1.6.0      OutFLANK_0.2    qvalue_2.8.0   

loaded via a namespace (and not attached):
 [1] httr_1.3.1          tidyr_0.7.2         jsonlite_1.5       
 [4] viridisLite_0.2.0   splines_3.4.0       foreach_1.4.4      
 [7] gtools_3.5.0        shiny_1.0.5         assertthat_0.2.0   
[10] expm_0.999-2        sp_1.2-5            LearnBayes_2.15    
[13] lattice_0.20-35     glue_1.2.0          RcppEigen_0.3.3.3.1
[16] digest_0.6.15       colorspace_1.3-2    htmltools_0.3.6    
[19] httpuv_1.3.5        Matrix_1.2-12       plyr_1.8.4         
[22] pkgconfig_2.0.1     gmodels_2.16.2      purrr_0.2.4        
[25] xtable_1.8-2        scales_0.5.0        gdata_2.18.0       
[28] RSpectra_0.12-2     tibble_1.3.4        mgcv_1.8-22        
[31] xgboost_0.6-4       lazyeval_0.2.1      magrittr_1.5       
[34] mime_0.5            deldir_0.1-14       nlme_3.1-131       
[37] MASS_7.3-48         vegan_2.4-6         data.table_1.10.4-3
[40] stringr_1.2.0       plotly_4.7.1        munsell_0.4.3      
[43] cluster_2.0.6       bindrcpp_0.2        compiler_3.4.0     
[46] RcppRoll_0.2.2      caTools_1.17.1      rlang_0.1.6        
[49] grid_3.4.0          iterators_1.0.9     htmlwidgets_1.0    
[52] igraph_1.1.2        bitops_1.0-6        boot_1.3-20        
[55] gtable_0.2.0        codetools_0.2-15    reshape2_1.4.3     
[58] R6_2.2.2            dplyr_0.7.4         pinfsc50_1.1.0     
[61] seqinr_3.4-5        bindr_0.1           spdep_0.7-4        
[64] KernSmooth_2.23-15  permute_0.9-4       ape_5.0            
[67] stringi_1.1.6       parallel_3.4.0      Rcpp_0.12.15       
[70] spData_0.2.6.9      coda_0.19-1        
[1] "Mon May 14 19:42:38 2018"
Scanning file to determine attributes.
File attributes:
  meta lines: 13
  header line: 14
  variant count: 9040
  column count: 1009
Meta line 13 read in.
All meta lines processed.
gt matrix initialized.
Character matrix gt created.
  Character matrix gt rows: 9040
  Character matrix gt cols: 1009
  skip: 0
  nrows: 9040
  row_num: 0
Processed variant 1000Processed variant 2000Processed variant 3000Processed variant 4000Processed variant 5000Processed variant 6000Processed variant 7000Processed variant 8000Processed variant 9000Processed variant: 9040
All variants processed
[1] 9040 1001
[1]     0 50000   882
[1]  50000 100000    918
[1] 100000 150000    886
[1] 150000 200000    849
[1] 200000 250000    928
[1] 250000 300000    885
[1] 300000 350000    998
[1] 350000 400000    945
[1] 400000 450000    912
[1] 450000 500000    837
group
 1  2  3  4  5  6  7  8  9 10 11 12 13 14 15 16 17 18 19 20 21 22 23 24 25 26 
20 15 27 27 38 25 32 24 22 14 39 25 21 28 27 35 26 34 25 22 20 36 32 41 31 25 
27 28 29 30 31 32 33 34 35 36 37 38 39 
35 31 18 33  9 10 32 15 17 10 27 35 17 
  id        x        y phenotype1       envi group
1  0 0.341401 0.878851   1.422050  0.6034610     1
2  1 0.401623 0.746560  -0.607581  0.8694390     2
3  2 0.202385 0.849907   0.841933 -0.0194391     3
4  3 0.846757 0.382508   0.481656 -0.6722660     4
5  4 0.119091 0.393546  -0.629596 -0.4844570     5
6  5 0.435105 0.198845   0.459641  1.0352800     6
  pos chrom a_freq_old vcf_ord muttype
1   5     1     0.0070       1    MT=1
2 386     1     0.0015       2    MT=1
3 512     1     0.1395       3    MT=1
4 657     1     0.5440       4    MT=1
5 692     1     0.3305       5    MT=1
6 703     1     0.0015       6    MT=1
[1] pos        chrom      a_freq_old vcf_ord    muttype   
<0 rows> (or 0-length row.names)
[1] 9040    6
 [1] "10921_54071_MT=2"  "10921_56911_MT=2"  "10921_57852_MT=2" 
 [4] "10921_57999_MT=2"  "10921_60760_MT=2"  "10921_61141_MT=2" 
 [7] "10921_65982_MT=2"  "10921_73651_MT=2"  "10921_75029_MT=2" 
[10] "10921_80584_MT=2"  "10921_87998_MT=2"  "10921_94697_MT=2" 
[13] "10921_96867_MT=2"  "10921_108958_MT=2" "10921_117403_MT=2"
[16] "10921_118901_MT=2" "10921_123763_MT=2" "10921_134573_MT=2"
[19] "10921_136448_MT=2" "10921_137774_MT=2" "10921_142503_MT=2"
[22] "10921_144459_MT=2" "10921_149278_MT=2"
 [1] "10921_52087_MT=2"  "10921_54071_MT=2"  "10921_56911_MT=2" 
 [4] "10921_57852_MT=2"  "10921_57999_MT=2"  "10921_60760_MT=2" 
 [7] "10921_60793_MT=2"  "10921_61141_MT=2"  "10921_64108_MT=2" 
[10] "10921_65982_MT=2"  "10921_70795_MT=2"  "10921_72605_MT=2" 
[13] "10921_73651_MT=2"  "10921_75029_MT=2"  "10921_80584_MT=2" 
[16] "10921_87998_MT=2"  "10921_90137_MT=2"  "10921_94697_MT=2" 
[19] "10921_96739_MT=2"  "10921_96749_MT=2"  "10921_96867_MT=2" 
[22] "10921_98921_MT=2"  "10921_100706_MT=2" "10921_101710_MT=2"
[25] "10921_103736_MT=2" "10921_108958_MT=2" "10921_117403_MT=2"
[28] "10921_118901_MT=2" "10921_123763_MT=2" "10921_128189_MT=2"
[31] "10921_134573_MT=2" "10921_136448_MT=2" "10921_137769_MT=2"
[34] "10921_137774_MT=2" "10921_142503_MT=2" "10921_144459_MT=2"
[37] "10921_149278_MT=2" "10921_175001_MT=4"
[1] "Error: allele frequencies not identical"
